<?xml version="1.0" encoding="UTF-8"?>
<!-- Generated by org.testng.reporters.JUnitReportReporter -->
<testsuite skipped="0" hostname="DESKTOP-RPFQAGM" name="TestNGTutorial.DataProvider" tests="3" failures="0" timestamp="2021-06-22T11:53:38 IST" time="0.031" errors="0">
  <testcase name="dataProviderMethod" time="0.003" classname="TestNGTutorial.DataProvider"/>
  <system-out/>
  <testcase name="dataProviderMethod" time="0.026" classname="TestNGTutorial.DataProvider"/>
  <system-out/>
  <testcase name="dataProviderMethod" time="0.002" classname="TestNGTutorial.DataProvider"/>
  <system-out/>
</testsuite> <!-- TestNGTutorial.DataProvider -->
