<?xml version="1.0" encoding="UTF-8"?>
<!-- Generated by org.testng.reporters.JUnitReportReporter -->
<testsuite skipped="0" hostname="DESKTOP-RPFQAGM" name="TestNGTutorial.SchoolCampus" tests="3" failures="0" timestamp="2021-06-22T11:53:38 IST" time="0.003" errors="0">
  <testcase name="groupExampleWithoutTag" time="0.001" classname="TestNGTutorial.SchoolCampus"/>
  <system-out/>
  <testcase name="student2Test" time="0.001" classname="TestNGTutorial.SchoolCampus"/>
  <system-out/>
  <testcase name="student1Test" time="0.001" classname="TestNGTutorial.SchoolCampus"/>
  <system-out/>
</testsuite> <!-- TestNGTutorial.SchoolCampus -->
