<?xml version="1.0" encoding="UTF-8"?>
<!-- Generated by org.testng.reporters.JUnitReportReporter -->
<testsuite skipped="0" hostname="DESKTOP-RPFQAGM" name="TestNGTutorial.CollegeCampus" tests="3" failures="0" timestamp="2021-06-22T11:53:38 IST" time="0.006" errors="0">
  <testcase name="ExcludedTestcase" time="0.002" classname="TestNGTutorial.CollegeCampus"/>
  <system-out/>
  <testcase name="engineer1Test" time="0.002" classname="TestNGTutorial.CollegeCampus"/>
  <system-out/>
  <testcase name="engineer2Test" time="0.002" classname="TestNGTutorial.CollegeCampus"/>
  <system-out/>
</testsuite> <!-- TestNGTutorial.CollegeCampus -->
