<?xml version="1.0" encoding="UTF-8"?>
<!-- Generated by org.testng.reporters.JUnitReportReporter -->
<testsuite skipped="0" hostname="DESKTOP-RPFQAGM" name="TestNGTutorial.WorkPlaceCampus" tests="3" failures="0" timestamp="2021-06-22T11:53:38 IST" time="0.029" errors="0">
  <testcase name="workTestGames" time="0.003" classname="TestNGTutorial.WorkPlaceCampus"/>
  <system-out/>
  <testcase name="workTestFood" time="0.020" classname="TestNGTutorial.WorkPlaceCampus"/>
  <system-out/>
  <testcase name="IncludedTestcase" time="0.006" classname="TestNGTutorial.WorkPlaceCampus"/>
  <system-out/>
</testsuite> <!-- TestNGTutorial.WorkPlaceCampus -->
