<?xml version="1.0" encoding="UTF-8"?>
<!-- Generated by org.testng.reporters.JUnitReportReporter -->
<testsuite skipped="0" hostname="DESKTOP-RPFQAGM" name="TestNGTutorial.HelperAttributes" tests="3" failures="0" timestamp="2021-06-22T11:53:38 IST" time="0.004" errors="0">
  <testcase name="authorizationMethod" time="0.002" classname="TestNGTutorial.HelperAttributes"/>
  <system-out/>
  <testcase name="login" time="0.001" classname="TestNGTutorial.HelperAttributes"/>
  <system-out/>
  <testcase name="authenticationMethod" time="0.001" classname="TestNGTutorial.HelperAttributes"/>
  <system-out/>
</testsuite> <!-- TestNGTutorial.HelperAttributes -->
