<?xml version="1.0" encoding="UTF-8"?>
<!-- Generated by org.testng.reporters.JUnitReportReporter -->
<testsuite skipped="0" hostname="DESKTOP-RPFQAGM" name="JavaStreams.StreamSimpleExample" tests="4" failures="0" timestamp="2021-06-20T21:09:02 IST" time="0.047" errors="0">
  <testcase name="SimpleExample" time="0.011" classname="JavaStreams.StreamSimpleExample"/>
  <system-out/>
  <testcase name="DistinctElements" time="0.023" classname="JavaStreams.StreamSimpleExample"/>
  <system-out/>
  <testcase name="sortedStream" time="0.011" classname="JavaStreams.StreamSimpleExample"/>
  <system-out/>
  <testcase name="filteredSteam" time="0.002" classname="JavaStreams.StreamSimpleExample"/>
  <system-out/>
</testsuite> <!-- JavaStreams.StreamSimpleExample -->
