<?xml version="1.0" encoding="UTF-8"?>
<!-- Generated by org.testng.reporters.JUnitReportReporter -->
<testsuite skipped="0" hostname="DESKTOP-RPFQAGM" name="TestNGTutorial.GroupsTestCase" tests="2" failures="0" timestamp="2021-06-22T11:53:38 IST" time="0.004" errors="0">
  <testcase name="groups1ExamplewithTag" time="0.002" classname="TestNGTutorial.GroupsTestCase"/>
  <system-out/>
  <testcase name="groups1ExampleWithoutTag" time="0.002" classname="TestNGTutorial.GroupsTestCase"/>
  <system-out/>
</testsuite> <!-- TestNGTutorial.GroupsTestCase -->
