<?xml version="1.0" encoding="UTF-8"?>
<!-- Generated by org.testng.reporters.JUnitReportReporter -->
<testsuite skipped="0" hostname="DESKTOP-RPFQAGM" name="TestNGTutorial.Parameterization1" tests="2" failures="0" timestamp="2021-06-21T11:55:28 IST" time="0.022" errors="0">
  <testcase name="parameterMethod2" time="0.002" classname="TestNGTutorial.Parameterization1"/>
  <system-out/>
  <testcase name="parameterMethod" time="0.020" classname="TestNGTutorial.Parameterization1"/>
  <system-out/>
</testsuite> <!-- TestNGTutorial.Parameterization1 -->
