<?xml version="1.0" encoding="UTF-8"?>
<!-- Generated by org.testng.reporters.JUnitReportReporter -->
<testsuite skipped="0" hostname="DESKTOP-RPFQAGM" name="TestNGTutorial.GroupsTestCase2" tests="1" failures="0" timestamp="2021-06-22T11:53:38 IST" time="0.001" errors="0">
  <testcase name="groups2ExampleWithoutTag" time="0.001" classname="TestNGTutorial.GroupsTestCase2"/>
  <system-out/>
</testsuite> <!-- TestNGTutorial.GroupsTestCase2 -->
