<?xml version="1.0" encoding="UTF-8"?>
<!-- Generated by org.testng.reporters.JUnitReportReporter -->
<testsuite skipped="0" hostname="DESKTOP-RPFQAGM" name="TestNGTutorial.Paramaterization2" tests="1" failures="0" timestamp="2021-06-21T11:55:28 IST" time="0.003" errors="0">
  <testcase name="parameterMethod3" time="0.003" classname="TestNGTutorial.Paramaterization2"/>
  <system-out/>
</testsuite> <!-- TestNGTutorial.Paramaterization2 -->
